2025-10-19T16:42:28 | touched: LICENSE
2025-02-08T20:23:48 | touched: Cargo.toml
2025-07-18T05:50:14 | touched: Cargo.toml
2025-11-09T06:23:33 | touched: src/lib.rs
2025-02-05T07:57:19 | touched: LICENSE
2025-01-17T10:46:06 | touched: Cargo.toml
2025-04-08T18:16:28 | touched: Cargo.toml
2025-02-17T05:43:24 | touched: src/lib.rs
2025-04-28T09:07:35 | touched: LICENSE
2025-12-19T15:20:37 | touched: src/main.rs
2025-11-07T13:14:15 | touched: src/lib.rs
2025-04-19T13:55:17 | touched: README.md
2025-06-16T20:29:13 | touched: src/main.rs
2025-10-14T11:33:57 | touched: src/main.rs
2025-11-18T05:33:35 | touched: Cargo.toml
2025-02-11T15:12:19 | touched: LICENSE
2025-09-19T19:08:38 | touched: src/main.rs
2025-11-11T04:15:48 | touched: src/main.rs
2025-10-01T21:12:56 | touched: src/lib.rs
2025-12-09T23:21:44 | touched: Cargo.toml
2025-12-28T13:08:48 | touched: LICENSE
2025-06-18T02:47:38 | touched: README.md
2025-06-21T09:15:42 | touched: README.md
2025-10-24T00:52:27 | touched: src/lib.rs
2025-09-04T19:10:01 | touched: src/main.rs
2025-08-17T08:23:48 | touched: LICENSE
2025-10-14T09:04:27 | touched: README.md
2025-08-05T16:21:25 | touched: src/lib.rs
2025-10-23T00:17:05 | touched: LICENSE
2025-09-05T17:31:35 | touched: README.md
2025-03-07T22:15:39 | touched: README.md
2025-07-11T03:06:27 | touched: src/main.rs
2025-03-06T23:09:55 | touched: src/lib.rs
2025-03-02T07:49:23 | touched: src/lib.rs
2025-07-08T19:32:00 | touched: README.md
2025-12-28T08:24:09 | touched: Cargo.toml
2025-09-18T06:26:48 | touched: README.md
2025-12-16T12:05:07 | touched: LICENSE
2025-04-20T16:07:22 | touched: README.md
2025-03-18T05:40:49 | touched: LICENSE
2025-01-31T15:46:41 | touched: src/lib.rs
2025-11-24T16:50:22 | touched: src/main.rs
2025-05-01T17:09:00 | touched: src/main.rs
2025-12-31T19:27:14 | touched: LICENSE
2025-01-25T13:29:26 | touched: Cargo.toml
2025-10-14T04:48:24 | touched: README.md
2025-07-04T03:35:08 | touched: README.md
2025-10-30T20:01:21 | touched: README.md
